2026-01-28 06:07:49 - ═══════════════════════════════════════════════════════════════════════════
2026-01-28 06:07:49 - VÉRIFICATION PRÉREQUIS
2026-01-28 06:07:49 - ═══════════════════════════════════════════════════════════════════════════
2026-01-28 06:07:49 - [1/3] Git...
2026-01-28 06:07:49 - ✓ Git : git version 2.51.0
2026-01-28 06:07:49 - [2/3] GitHub CLI...
2026-01-28 06:07:49 - ✓ gh : gh version 2.46.0 (2025-01-13 Debian 2.46.0-3)
2026-01-28 06:07:49 - [3/3] Authentification GitHub...
2026-01-28 06:07:49 - ✓ Authentification active
2026-01-28 06:07:49 - ═══════════════════════════════════════════════════════════════════════════
2026-01-28 06:07:49 - ✓ TOUS PRÉREQUIS OK
2026-01-28 06:07:49 - ═══════════════════════════════════════════════════════════════════════════
2026-01-28 06:07:49 - ═══════════════════════════════════════════════════════════════════════════
2026-01-28 06:07:49 - CRÉATION DÉPÔT GIT COMPLET
2026-01-28 06:07:49 - ═══════════════════════════════════════════════════════════════════════════
2026-01-28 06:07:49 - [1/8] Répertoire local: /mnt/data2_78g/Security/scripts/Projects_security/ManInTheMiddle
2026-01-28 06:07:49 - → Répertoire existe, conservation fichiers
2026-01-28 06:07:49 - ✓ Accès répertoire OK
2026-01-28 06:07:49 - [2/8] Vérification Git...
2026-01-28 06:07:49 - → Dépôt Git existant détecté, conservation historique
2026-01-28 06:07:49 - ⚠ Remote origin existe: https://github.com/bdelnoz/ManInTheMiddle.git
2026-01-28 06:07:49 - → Suppression ancienne remote
2026-01-28 06:07:49 - [3/8] Fichiers de base...
2026-01-28 06:07:49 - → README.md existe, SKIP création
2026-01-28 06:07:49 - → Pas de .gitignore demandé
2026-01-28 06:07:49 - [4/8] Dépôt distant GitHub...
2026-01-28 06:07:52 - ✓ Dépôt distant créé
2026-01-28 06:07:52 - [5/8] Remote origin...
2026-01-28 06:07:52 - ✓ Remote configurée
2026-01-28 06:07:52 - [6/8] Commit initial et push vers main...
